<?xml version="1.0" encoding="UTF-8"?>
<testsuite xmlns:xsi="http://www.w3.org/2001/XMLSchema-instance" xsi:noNamespaceSchemaLocation="https://maven.apache.org/surefire/maven-surefire-plugin/xsd/surefire-test-report.xsd" version="3.0.2" name="com.collection.creator.CreatorApplicationTests" time="1.452" tests="4" errors="0" skipped="0" failures="0">
  <properties>
[...]
</properties>
  <testcase name="autoConfigurationShouldLoadService" classname="com.collection.creator.CreatorApplicationTests" time="0.397">
    <system-out><![CDATA[
  .   ____          _            __ _ _
 /\\ / ___'_ __ _ _(_)_ __  __ _ \ \ \ \
( ( )\___ | '_ | '_| | '_ \/ _` | \ \ \ \
 \\/  ___)| |_)| | | | | || (_| |  ) ) ) )
  '  |____| .__|_| |_|_| |_\__, | / / / /
 =========|_|==============|___/=/_/_/_/

 :: Spring Boot ::                (v3.5.6)

2025-10-15T15:16:28.066+05:30  INFO 37187 --- [creator] [           main] c.c.creator.CreatorApplicationTests      : Starting CreatorApplicationTests using Java 17.0.16 with PID 37187 (started by dhaval in /home/dhaval/Development/projects/creator)
2025-10-15T15:16:28.068+05:30  INFO 37187 --- [creator] [           main] c.c.creator.CreatorApplicationTests      : No active profile set, falling back to 1 default profile: "default"
2025-10-15T15:16:28.594+05:30  INFO 37187 --- [creator] [           main] c.c.a.PostmanCollectionAutoConfiguration : Postman Collection Generator Auto-Configuration activated
2025-10-15T15:16:28.667+05:30  INFO 37187 --- [creator] [           main] c.c.a.PostmanCollectionAutoConfiguration : Creating PostmanCollectionService bean for programmatic access
2025-10-15T15:16:28.717+05:30  INFO 37187 --- [creator] [           main] c.c.creator.CreatorApplicationTests      : Started CreatorApplicationTests in 0.821 seconds (process running for 1.304)
]]></system-out>
  </testcase>
  <testcase name="autoConfigurationShouldLoadProperties" classname="com.collection.creator.CreatorApplicationTests" time="0.004"/>
  <testcase name="contextLoads" classname="com.collection.creator.CreatorApplicationTests" time="0.002"/>
  <testcase name="propertiesShouldHaveDefaultValues" classname="com.collection.creator.CreatorApplicationTests" time="0.005"/>
</testsuite>